# JRE version: OpenJDK Runtime Environment (11.0.5+10) (build 11.0.5+10)
# Java VM: OpenJDK 64-Bit Server VM (11.0.5+10, mixed mode, tiered, compressed oops, g1 gc, linux-amd64)
Heap:
 garbage-first heap   total 385024K, used 319525K [0x00000000d0000000, 0x0000000100000000)
  region size 1024K, 209 young (214016K), 2 survivors (2048K)
 Metaspace       used 74210K, capacity 77691K, committed 77872K, reserved 1116160K
  class space    used 10024K, capacity 11358K, committed 11392K, reserved 1048576K
GC Heap History (20 events):
Event: 339598.080 GC heap before
{Heap before GC invocations=293 (full 0):
 garbage-first heap   total 385024K, used 330789K [0x00000000d0000000, 0x0000000100000000)
  region size 1024K, 225 young (230400K), 2 survivors (2048K)
 Metaspace       used 73587K, capacity 77172K, committed 77488K, reserved 1116160K
  class space    used 9871K, capacity 11215K, committed 11264K, reserved 1048576K
}
Event: 339598.084 GC heap after
{Heap after GC invocations=294 (full 0):
 garbage-first heap   total 385024K, used 102383K [0x00000000d0000000, 0x0000000100000000)
  region size 1024K, 2 young (2048K), 2 survivors (2048K)
 Metaspace       used 73587K, capacity 77172K, committed 77488K, reserved 1116160K
  class space    used 9871K, capacity 11215K, committed 11264K, reserved 1048576K
}
Event: 340864.627 GC heap before
{Heap before GC invocations=294 (full 0):
 garbage-first heap   total 385024K, used 330735K [0x00000000d0000000, 0x0000000100000000)
  region size 1024K, 225 young (230400K), 2 survivors (2048K)
 Metaspace       used 73587K, capacity 77172K, committed 77488K, reserved 1116160K
  class space    used 9871K, capacity 11215K, committed 11264K, reserved 1048576K
}
Event: 340864.632 GC heap after
{Heap after GC invocations=295 (full 0):
 garbage-first heap   total 385024K, used 102383K [0x00000000d0000000, 0x0000000100000000)
  region size 1024K, 2 young (2048K), 2 survivors (2048K)
 Metaspace       used 73587K, capacity 77172K, committed 77488K, reserved 1116160K
  class space    used 9871K, capacity 11215K, committed 11264K, reserved 1048576K
}
Event: 342130.473 GC heap before
{Heap before GC invocations=295 (full 0):
 garbage-first heap   total 385024K, used 330735K [0x00000000d0000000, 0x0000000100000000)
  region size 1024K, 225 young (230400K), 2 survivors (2048K)
 Metaspace       used 73587K, capacity 77172K, committed 77488K, reserved 1116160K
  class space    used 9871K, capacity 11215K, committed 11264K, reserved 1048576K
}
Event: 342130.476 GC heap after
{Heap after GC invocations=296 (full 0):
 garbage-first heap   total 385024K, used 102489K [0x00000000d0000000, 0x0000000100000000)
  region size 1024K, 2 young (2048K), 2 survivors (2048K)
 Metaspace       used 73587K, capacity 77172K, committed 77488K, reserved 1116160K
  class space    used 9871K, capacity 11215K, committed 11264K, reserved 1048576K
}
Event: 343396.021 GC heap before
{Heap before GC invocations=296 (full 0):
 garbage-first heap   total 385024K, used 330841K [0x00000000d0000000, 0x0000000100000000)
  region size 1024K, 225 young (230400K), 2 survivors (2048K)
 Metaspace       used 73587K, capacity 77172K, committed 77488K, reserved 1116160K
  class space    used 9871K, capacity 11215K, committed 11264K, reserved 1048576K
}
Event: 343396.025 GC heap after
{Heap after GC invocations=297 (full 0):
 garbage-first heap   total 385024K, used 102489K [0x00000000d0000000, 0x0000000100000000)
  region size 1024K, 2 young (2048K), 2 survivors (2048K)
 Metaspace       used 73587K, capacity 77172K, committed 77488K, reserved 1116160K
  class space    used 9871K, capacity 11215K, committed 11264K, reserved 1048576K
}
Event: 344680.634 GC heap before
{Heap before GC invocations=297 (full 0):
 garbage-first heap   total 385024K, used 330841K [0x00000000d0000000, 0x0000000100000000)
  region size 1024K, 225 young (230400K), 2 survivors (2048K)
 Metaspace       used 73587K, capacity 77172K, committed 77488K, reserved 1116160K
  class space    used 9871K, capacity 11215K, committed 11264K, reserved 1048576K
}
Event: 344680.639 GC heap after
{Heap after GC invocations=298 (full 0):
 garbage-first heap   total 385024K, used 102436K [0x00000000d0000000, 0x0000000100000000)
  region size 1024K, 2 young (2048K), 2 survivors (2048K)
 Metaspace       used 73587K, capacity 77172K, committed 77488K, reserved 1116160K
  class space    used 9871K, capacity 11215K, committed 11264K, reserved 1048576K
}
Event: 345977.498 GC heap before
{Heap before GC invocations=298 (full 0):
 garbage-first heap   total 385024K, used 330788K [0x00000000d0000000, 0x0000000100000000)
  region size 1024K, 225 young (230400K), 2 survivors (2048K)
 Metaspace       used 73587K, capacity 77172K, committed 77488K, reserved 1116160K
  class space    used 9871K, capacity 11215K, committed 11264K, reserved 1048576K
}
Event: 345977.502 GC heap after
{Heap after GC invocations=299 (full 0):
 garbage-first heap   total 385024K, used 102490K [0x00000000d0000000, 0x0000000100000000)
  region size 1024K, 2 young (2048K), 2 survivors (2048K)
 Metaspace       used 73587K, capacity 77172K, committed 77488K, reserved 1116160K
  class space    used 9871K, capacity 11215K, committed 11264K, reserved 1048576K
}
Event: 347243.089 GC heap before
{Heap before GC invocations=299 (full 0):
 garbage-first heap   total 385024K, used 330842K [0x00000000d0000000, 0x0000000100000000)
  region size 1024K, 225 young (230400K), 2 survivors (2048K)
 Metaspace       used 73587K, capacity 77172K, committed 77488K, reserved 1116160K
  class space    used 9871K, capacity 11215K, committed 11264K, reserved 1048576K
}
Event: 347243.093 GC heap after
{Heap after GC invocations=300 (full 0):
 garbage-first heap   total 385024K, used 102440K [0x00000000d0000000, 0x0000000100000000)
  region size 1024K, 2 young (2048K), 2 survivors (2048K)
 Metaspace       used 73587K, capacity 77172K, committed 77488K, reserved 1116160K
  class space    used 9871K, capacity 11215K, committed 11264K, reserved 1048576K
}
Event: 348513.744 GC heap before
{Heap before GC invocations=300 (full 0):
 garbage-first heap   total 385024K, used 330792K [0x00000000d0000000, 0x0000000100000000)
  region size 1024K, 225 young (230400K), 2 survivors (2048K)
 Metaspace       used 73587K, capacity 77172K, committed 77488K, reserved 1116160K
  class space    used 9871K, capacity 11215K, committed 11264K, reserved 1048576K
}
Event: 348513.748 GC heap after
{Heap after GC invocations=301 (full 0):
 garbage-first heap   total 385024K, used 102437K [0x00000000d0000000, 0x0000000100000000)
  region size 1024K, 2 young (2048K), 2 survivors (2048K)
 Metaspace       used 73587K, capacity 77172K, committed 77488K, reserved 1116160K
  class space    used 9871K, capacity 11215K, committed 11264K, reserved 1048576K
}
Event: 349788.138 GC heap before
{Heap before GC invocations=301 (full 0):
 garbage-first heap   total 385024K, used 330789K [0x00000000d0000000, 0x0000000100000000)
  region size 1024K, 225 young (230400K), 2 survivors (2048K)
 Metaspace       used 73587K, capacity 77172K, committed 77488K, reserved 1116160K
  class space    used 9871K, capacity 11215K, committed 11264K, reserved 1048576K
}
Event: 349788.142 GC heap after
{Heap after GC invocations=302 (full 0):
 garbage-first heap   total 385024K, used 102437K [0x00000000d0000000, 0x0000000100000000)
  region size 1024K, 2 young (2048K), 2 survivors (2048K)
 Metaspace       used 73587K, capacity 77172K, committed 77488K, reserved 1116160K
  class space    used 9871K, capacity 11215K, committed 11264K, reserved 1048576K
}
Event: 351064.495 GC heap before
{Heap before GC invocations=302 (full 0):
 garbage-first heap   total 385024K, used 330789K [0x00000000d0000000, 0x0000000100000000)
  region size 1024K, 225 young (230400K), 2 survivors (2048K)
 Metaspace       used 73587K, capacity 77172K, committed 77488K, reserved 1116160K
  class space    used 9871K, capacity 11215K, committed 11264K, reserved 1048576K
}
Event: 351064.500 GC heap after
{Heap after GC invocations=303 (full 0):
 garbage-first heap   total 385024K, used 102437K [0x00000000d0000000, 0x0000000100000000)
  region size 1024K, 2 young (2048K), 2 survivors (2048K)
 Metaspace       used 73587K, capacity 77172K, committed 77488K, reserved 1116160K
  class space    used 9871K, capacity 11215K, committed 11264K, reserved 1048576K
}

